Carlease/carlease/build/outputs/logs/manifest-merger-CarLease-debug-report.txt
-- Merging decision tree log ---
manifest
ADDED from src\main\AndroidManifest.xml:2:1-377:12
	package
		ADDED from src\main\AndroidManifest.xml:4:11-37
		INJECTED from src\main\AndroidManifest.xml
		INJECTED from src\main\AndroidManifest.xml
	android:versionName
		ADDED from src\main\AndroidManifest.xml:6:11-39
		INJECTED from src\main\AndroidManifest.xml
		INJECTED from src\main\AndroidManifest.xml
	xmlns:tools
		ADDED from src\main\AndroidManifest.xml:3:11-57
	android:versionCode
		ADDED from src\main\AndroidManifest.xml:5:11-34
		INJECTED from src\main\AndroidManifest.xml
		INJECTED from src\main\AndroidManifest.xml
	xmlns:android
		ADDED from src\main\AndroidManifest.xml:2:11-69
uses-sdk
ADDED from src\main\AndroidManifest.xml:8:5-10:40
MERGED from [com.android.support:multidex:1.0.1] AndroidManifest.xml:18:5-42
MERGED from [Carlease:zhiMaSDKLib:unspecified] AndroidManifest.xml:7:5-9:41
MERGED from [com.android.support.constraint:constraint-layout:1.0.2] AndroidManifest.xml:5:5-7:41
MERGED from [Carlease:xxdialog:unspecified] AndroidManifest.xml:18:5-20:41
MERGED from [Carlease:pickerview:unspecified] AndroidManifest.xml:7:5-9:41
MERGED from [Carlease:album:unspecified] AndroidManifest.xml:20:5-22:41
MERGED from [com.android.support:design:25.3.1] AndroidManifest.xml:21:5-23:62
MERGED from [com.android.support:appcompat-v7:25.3.1] AndroidManifest.xml:21:5-23:78
MERGED from [com.android.support:animated-vector-drawable:25.3.1] AndroidManifest.xml:20:5-44
MERGED from [com.android.support:support-vector-drawable:25.3.1] AndroidManifest.xml:20:5-43
MERGED from [com.android.support:transition:25.3.1] AndroidManifest.xml:20:5-44
MERGED from [com.android.support:support-v4:25.3.1] AndroidManifest.xml:21:5-23:54
MERGED from [com.android.support:support-fragment:25.3.1] AndroidManifest.xml:21:5-23:60
MERGED from [com.android.support:support-media-compat:25.3.1] AndroidManifest.xml:21:5-23:63
MERGED from [com.android.support:support-core-utils:25.3.1] AndroidManifest.xml:21:5-23:61
MERGED from [com.android.support:recyclerview-v7:25.3.1] AndroidManifest.xml:20:5-43
MERGED from [com.android.support:support-core-ui:25.3.1] AndroidManifest.xml:21:5-23:58
MERGED from [com.android.support:support-compat:25.3.1] AndroidManifest.xml:21:5-23:58
MERGED from [com.android.support:cardview-v7:25.3.1] AndroidManifest.xml:20:5-43
	tools:overrideLibrary
		ADDED from [com.android.support:design:25.3.1] AndroidManifest.xml:23:9-59
	android:targetSdkVersion
		ADDED from src\main\AndroidManifest.xml:10:9-38
		INJECTED from src\main\AndroidManifest.xml
		INJECTED from src\main\AndroidManifest.xml
	android:minSdkVersion
		ADDED from src\main\AndroidManifest.xml:9:9-35
		INJECTED from src\main\AndroidManifest.xml
		INJECTED from src\main\AndroidManifest.xml
uses-permission#android.permission.INTERNET
ADDED from src\main\AndroidManifest.xml:12:5-66
	android:name
		ADDED from src\main\AndroidManifest.xml:12:22-64
uses-permission#android.permission.RECEIVE_BOOT_COMPLETED
ADDED from src\main\AndroidManifest.xml:13:5-80
	android:name
		ADDED from src\main\AndroidManifest.xml:13:22-78
uses-permission#android.permission.WRITE_EXTERNAL_STORAGE
ADDED from src\main\AndroidManifest.xml:14:5-80
MERGED from [Carlease:album:unspecified] AndroidManifest.xml:26:5-81
	android:name
		ADDED from src\main\AndroidManifest.xml:14:22-78
uses-permission#android.permission.ACCESS_COARSE_LOCATION
ADDED from src\main\AndroidManifest.xml:15:5-80
	android:name
		ADDED from src\main\AndroidManifest.xml:15:22-78
uses-permission#android.permission.ACCESS_NETWORK_STATE
ADDED from src\main\AndroidManifest.xml:16:5-78
	android:name
		ADDED from src\main\AndroidManifest.xml:16:22-76
uses-permission#android.permission.ACCESS_FINE_LOCATION
ADDED from src\main\AndroidManifest.xml:17:5-78
	android:name
		ADDED from src\main\AndroidManifest.xml:17:22-76
uses-permission#android.permission.READ_PHONE_STATE
ADDED from src\main\AndroidManifest.xml:18:5-74
	android:name
		ADDED from src\main\AndroidManifest.xml:18:22-72
uses-permission#android.permission.CHANGE_WIFI_STATE
ADDED from src\main\AndroidManifest.xml:19:5-75
	android:name
		ADDED from src\main\AndroidManifest.xml:19:22-73
uses-permission#android.permission.ACCESS_WIFI_STATE
ADDED from src\main\AndroidManifest.xml:20:5-75
	android:name
		ADDED from src\main\AndroidManifest.xml:20:22-73
uses-permission#android.permission.CHANGE_CONFIGURATION
ADDED from src\main\AndroidManifest.xml:21:5-78
	android:name
		ADDED from src\main\AndroidManifest.xml:21:22-76
uses-permission#android.permission.MOUNT_UNMOUNT_FILESYSTEMS
ADDED from src\main\AndroidManifest.xml:22:5-83
	android:name
		ADDED from src\main\AndroidManifest.xml:22:22-81
uses-permission#android.permission.ACCESS_LOCATION_EXTRA_COMMANDS
ADDED from src\main\AndroidManifest.xml:23:5-88
	android:name
		ADDED from src\main\AndroidManifest.xml:23:22-86
uses-permission#android.permission.READ_LOGS
ADDED from src\main\AndroidManifest.xml:25:5-67
	android:name
		ADDED from src\main\AndroidManifest.xml:25:22-65
uses-permission#android.permission.VIBRATE
ADDED from src\main\AndroidManifest.xml:26:5-65
	android:name
		ADDED from src\main\AndroidManifest.xml:26:22-63
uses-permission#android.permission.ACCESS_DOWNLOAD_MANAGER
ADDED from src\main\AndroidManifest.xml:27:5-81
	android:name
		ADDED from src\main\AndroidManifest.xml:27:22-79
uses-permission#android.permission.DOWNLOAD_WITHOUT_NOTIFICATION
ADDED from src\main\AndroidManifest.xml:28:5-87
	android:name
		ADDED from src\main\AndroidManifest.xml:28:22-85
uses-permission#android.permission.WAKE_LOCK
ADDED from src\main\AndroidManifest.xml:29:5-67
	android:name
		ADDED from src\main\AndroidManifest.xml:29:22-65
uses-permission#android.permission.WRITE_SETTINGS
ADDED from src\main\AndroidManifest.xml:30:5-72
	android:name
		ADDED from src\main\AndroidManifest.xml:30:22-70
uses-permission#android.permission.CALL_PHONE
ADDED from src\main\AndroidManifest.xml:31:5-68
	android:name
		ADDED from src\main\AndroidManifest.xml:31:22-66
uses-permission#android.permission.CAMERA
ADDED from src\main\AndroidManifest.xml:32:5-64
MERGED from [Carlease:album:unspecified] AndroidManifest.xml:24:5-65
	android:name
		ADDED from src\main\AndroidManifest.xml:32:22-62
uses-permission#android.permission.SENSOR_INFO
ADDED from src\main\AndroidManifest.xml:38:5-69
	android:name
		ADDED from src\main\AndroidManifest.xml:38:22-67
uses-permission#android.permission.SENSOR_ENABLE
ADDED from src\main\AndroidManifest.xml:39:5-71
	android:name
		ADDED from src\main\AndroidManifest.xml:39:22-69
uses-permission#android.permission.READ_EXTERNAL_STORAGE
ADDED from src\main\AndroidManifest.xml:41:5-79
MERGED from [Carlease:album:unspecified] AndroidManifest.xml:25:5-80
	android:name
		ADDED from src\main\AndroidManifest.xml:41:22-77
application
ADDED from src\main\AndroidManifest.xml:44:5-375:19
MERGED from [Carlease:zhiMaSDKLib:unspecified] AndroidManifest.xml:11:5-15:19
MERGED from [com.android.support.constraint:constraint-layout:1.0.2] AndroidManifest.xml:9:5-20
MERGED from [Carlease:album:unspecified] AndroidManifest.xml:29:5-61:19
MERGED from [com.android.support:design:25.3.1] AndroidManifest.xml:29:5-20
MERGED from [com.android.support:appcompat-v7:25.3.1] AndroidManifest.xml:29:5-20
MERGED from [com.android.support:animated-vector-drawable:25.3.1] AndroidManifest.xml:26:5-20
MERGED from [com.android.support:support-vector-drawable:25.3.1] AndroidManifest.xml:26:5-20
MERGED from [com.android.support:transition:25.3.1] AndroidManifest.xml:26:5-20
MERGED from [com.android.support:support-v4:25.3.1] AndroidManifest.xml:29:5-20
MERGED from [com.android.support:support-fragment:25.3.1] AndroidManifest.xml:29:5-20
MERGED from [com.android.support:support-media-compat:25.3.1] AndroidManifest.xml:29:5-20
MERGED from [com.android.support:support-core-utils:25.3.1] AndroidManifest.xml:29:5-20
MERGED from [com.android.support:support-core-ui:25.3.1] AndroidManifest.xml:29:5-20
MERGED from [com.android.support:support-compat:25.3.1] AndroidManifest.xml:29:5-20
MERGED from [com.android.support:cardview-v7:25.3.1] AndroidManifest.xml:26:5-20
	android:label
		ADDED from src\main\AndroidManifest.xml:48:9-41
	android:allowBackup
		ADDED from src\main\AndroidManifest.xml:46:9-35
	android:icon
		ADDED from src\main\AndroidManifest.xml:47:9-45
		REJECTED from [Carlease:zhiMaSDKLib:unspecified] AndroidManifest.xml:13:9-45
	android:persistent
		ADDED from src\main\AndroidManifest.xml:49:9-34
	android:theme
		ADDED from src\main\AndroidManifest.xml:50:9-46
	tools:replace
		ADDED from src\main\AndroidManifest.xml:51:9-37
	android:name
		ADDED from src\main\AndroidManifest.xml:45:9-44
meta-data#com.amap.api.v2.apikey
ADDED from src\main\AndroidManifest.xml:54:9-56:63
	android:value
		ADDED from src\main\AndroidManifest.xml:56:13-61
	android:name
		ADDED from src\main\AndroidManifest.xml:55:13-50
activity#com.hst.Carlease.ui.LauncherGuideUI
ADDED from src\main\AndroidManifest.xml:58:9-66:20
	android:screenOrientation
		ADDED from src\main\AndroidManifest.xml:60:13-49
	android:name
		ADDED from src\main\AndroidManifest.xml:59:13-47
intent-filter#android.intent.action.MAIN+android.intent.category.LAUNCHER
ADDED from src\main\AndroidManifest.xml:61:13-65:29
action#android.intent.action.MAIN
ADDED from src\main\AndroidManifest.xml:62:17-68
	android:name
		ADDED from src\main\AndroidManifest.xml:62:25-66
category#android.intent.category.LAUNCHER
ADDED from src\main\AndroidManifest.xml:64:17-76
	android:name
		ADDED from src\main\AndroidManifest.xml:64:27-74
activity#com.hst.Carlease.ui.RegisterUI
ADDED from src\main\AndroidManifest.xml:68:9-74:20
	android:screenOrientation
		ADDED from src\main\AndroidManifest.xml:72:13-49
	android:launchMode
		ADDED from src\main\AndroidManifest.xml:71:13-44
	android:windowSoftInputMode
		ADDED from src\main\AndroidManifest.xml:73:13-72
	android:configChanges
		ADDED from src\main\AndroidManifest.xml:70:13-63
	android:name
		ADDED from src\main\AndroidManifest.xml:69:13-42
activity#com.hst.Carlease.ui.OldUserBingUI
ADDED from src\main\AndroidManifest.xml:76:9-82:20
	android:screenOrientation
		ADDED from src\main\AndroidManifest.xml:80:13-49
	android:launchMode
		ADDED from src\main\AndroidManifest.xml:79:13-44
	android:windowSoftInputMode
		ADDED from src\main\AndroidManifest.xml:81:13-72
	android:configChanges
		ADDED from src\main\AndroidManifest.xml:78:13-63
	android:name
		ADDED from src\main\AndroidManifest.xml:77:13-45
activity#com.hst.Carlease.ui.FindPassUI
ADDED from src\main\AndroidManifest.xml:84:9-90:20
	android:screenOrientation
		ADDED from src\main\AndroidManifest.xml:88:13-49
	android:launchMode
		ADDED from src\main\AndroidManifest.xml:87:13-44
	android:windowSoftInputMode
		ADDED from src\main\AndroidManifest.xml:89:13-72
	android:configChanges
		ADDED from src\main\AndroidManifest.xml:86:13-63
	android:name
		ADDED from src\main\AndroidManifest.xml:85:13-42
activity#com.hst.Carlease.ui.UpdatePassUI
ADDED from src\main\AndroidManifest.xml:92:9-98:20
	android:screenOrientation
		ADDED from src\main\AndroidManifest.xml:96:13-49
	android:launchMode
		ADDED from src\main\AndroidManifest.xml:95:13-44
	android:windowSoftInputMode
		ADDED from src\main\AndroidManifest.xml:97:13-72
	android:configChanges
		ADDED from src\main\AndroidManifest.xml:94:13-63
	android:name
		ADDED from src\main\AndroidManifest.xml:93:13-44
activity#com.hst.Carlease.ui.MyOrderUI
ADDED from src\main\AndroidManifest.xml:100:9-104:20
	android:screenOrientation
		ADDED from src\main\AndroidManifest.xml:103:13-49
	android:launchMode
		ADDED from src\main\AndroidManifest.xml:102:13-44
	android:name
		ADDED from src\main\AndroidManifest.xml:101:13-41
activity#com.hst.Carlease.ui.RentCarWebviewUI
ADDED from src\main\AndroidManifest.xml:106:9-110:20
	android:screenOrientation
		ADDED from src\main\AndroidManifest.xml:109:13-49
	android:launchMode
		ADDED from src\main\AndroidManifest.xml:108:13-44
	android:name
		ADDED from src\main\AndroidManifest.xml:107:13-48
activity#com.hst.Carlease.ui.TransactionHistoryUI
ADDED from src\main\AndroidManifest.xml:112:9-116:20
	android:screenOrientation
		ADDED from src\main\AndroidManifest.xml:115:13-49
	android:launchMode
		ADDED from src\main\AndroidManifest.xml:114:13-44
	android:name
		ADDED from src\main\AndroidManifest.xml:113:13-52
activity#com.hst.Carlease.ui.PayUI
ADDED from src\main\AndroidManifest.xml:118:9-122:20
	android:screenOrientation
		ADDED from src\main\AndroidManifest.xml:121:13-49
	android:configChanges
		ADDED from src\main\AndroidManifest.xml:120:13-63
	android:name
		ADDED from src\main\AndroidManifest.xml:119:13-37
activity#com.hst.Carlease.ui.OrderPayUI
ADDED from src\main\AndroidManifest.xml:124:9-128:20
	android:screenOrientation
		ADDED from src\main\AndroidManifest.xml:127:13-49
	android:configChanges
		ADDED from src\main\AndroidManifest.xml:126:13-63
	android:name
		ADDED from src\main\AndroidManifest.xml:125:13-42
activity#com.hst.Carlease.ui.fragement.MainUI2
ADDED from src\main\AndroidManifest.xml:130:9-134:20
	android:screenOrientation
		ADDED from src\main\AndroidManifest.xml:133:13-49
	android:launchMode
		ADDED from src\main\AndroidManifest.xml:132:13-44
	android:name
		ADDED from src\main\AndroidManifest.xml:131:13-49
activity#com.hst.Carlease.ui.MyOrderDetailsUI
ADDED from src\main\AndroidManifest.xml:136:9-140:20
	android:screenOrientation
		ADDED from src\main\AndroidManifest.xml:139:13-49
	android:launchMode
		ADDED from src\main\AndroidManifest.xml:138:13-44
	android:name
		ADDED from src\main\AndroidManifest.xml:137:13-48
activity#com.hst.Carlease.ui.MyPayUI
ADDED from src\main\AndroidManifest.xml:142:9-146:20
	android:screenOrientation
		ADDED from src\main\AndroidManifest.xml:145:13-49
	android:launchMode
		ADDED from src\main\AndroidManifest.xml:144:13-44
	android:name
		ADDED from src\main\AndroidManifest.xml:143:13-39
activity#com.hst.Carlease.ui.MyViolationUI
ADDED from src\main\AndroidManifest.xml:148:9-152:20
	android:screenOrientation
		ADDED from src\main\AndroidManifest.xml:151:13-49
	android:launchMode
		ADDED from src\main\AndroidManifest.xml:150:13-44
	android:name
		ADDED from src\main\AndroidManifest.xml:149:13-45
activity#com.hst.Carlease.ui.MyMessageUI
ADDED from src\main\AndroidManifest.xml:154:9-158:20
	android:screenOrientation
		ADDED from src\main\AndroidManifest.xml:157:13-49
	android:launchMode
		ADDED from src\main\AndroidManifest.xml:156:13-44
	android:name
		ADDED from src\main\AndroidManifest.xml:155:13-43
activity#com.hst.Carlease.ui.HomePageDetailsUI
ADDED from src\main\AndroidManifest.xml:160:9-164:20
	android:screenOrientation
		ADDED from src\main\AndroidManifest.xml:163:13-49
	android:launchMode
		ADDED from src\main\AndroidManifest.xml:162:13-44
	android:name
		ADDED from src\main\AndroidManifest.xml:161:13-49
activity#com.hst.Carlease.ui.HotModelDetailsUI
ADDED from src\main\AndroidManifest.xml:167:9-171:20
	android:screenOrientation
		ADDED from src\main\AndroidManifest.xml:170:13-49
	android:launchMode
		ADDED from src\main\AndroidManifest.xml:169:13-44
	android:name
		ADDED from src\main\AndroidManifest.xml:168:13-49
activity#com.hst.Carlease.ui.OnlineBookingUI1
ADDED from src\main\AndroidManifest.xml:173:9-178:20
	android:screenOrientation
		ADDED from src\main\AndroidManifest.xml:176:13-49
	android:windowSoftInputMode
		ADDED from src\main\AndroidManifest.xml:177:13-52
	android:configChanges
		ADDED from src\main\AndroidManifest.xml:175:13-63
	android:name
		ADDED from src\main\AndroidManifest.xml:174:13-48
activity#com.hst.Carlease.ui.OnlineBookingUI2
ADDED from src\main\AndroidManifest.xml:180:9-184:20
	android:screenOrientation
		ADDED from src\main\AndroidManifest.xml:183:13-49
	android:launchMode
		ADDED from src\main\AndroidManifest.xml:182:13-44
	android:name
		ADDED from src\main\AndroidManifest.xml:181:13-48
activity#com.hst.Carlease.ui.OnlineBookingUI3
ADDED from src\main\AndroidManifest.xml:186:9-195:20
	android:screenOrientation
		ADDED from src\main\AndroidManifest.xml:189:13-49
	android:launchMode
		ADDED from src\main\AndroidManifest.xml:188:13-44
	android:name
		ADDED from src\main\AndroidManifest.xml:187:13-48
activity#com.hst.Carlease.ui.LauncherPassUI
ADDED from src\main\AndroidManifest.xml:198:9-202:20
	android:screenOrientation
		ADDED from src\main\AndroidManifest.xml:201:13-49
	android:launchMode
		ADDED from src\main\AndroidManifest.xml:200:13-44
	android:name
		ADDED from src\main\AndroidManifest.xml:199:13-46
activity#com.hst.Carlease.ui.MainUI
ADDED from src\main\AndroidManifest.xml:204:9-208:20
	android:screenOrientation
		ADDED from src\main\AndroidManifest.xml:207:13-49
	android:launchMode
		ADDED from src\main\AndroidManifest.xml:206:13-44
	android:name
		ADDED from src\main\AndroidManifest.xml:205:13-38
activity#com.hst.Carlease.ui.LoginUI
ADDED from src\main\AndroidManifest.xml:210:9-215:20
	android:screenOrientation
		ADDED from src\main\AndroidManifest.xml:213:13-49
	android:launchMode
		ADDED from src\main\AndroidManifest.xml:212:13-44
	android:windowSoftInputMode
		ADDED from src\main\AndroidManifest.xml:214:13-64
	android:name
		ADDED from src\main\AndroidManifest.xml:211:13-39
activity#com.hst.Carlease.ui.MyMessageDetailsUI
ADDED from src\main\AndroidManifest.xml:217:9-220:51
	android:screenOrientation
		ADDED from src\main\AndroidManifest.xml:220:13-49
	android:launchMode
		ADDED from src\main\AndroidManifest.xml:219:13-44
	android:name
		ADDED from src\main\AndroidManifest.xml:218:13-50
activity#com.hst.Carlease.ui.RentCarsUI
ADDED from src\main\AndroidManifest.xml:222:9-226:20
	android:screenOrientation
		ADDED from src\main\AndroidManifest.xml:225:13-49
	android:launchMode
		ADDED from src\main\AndroidManifest.xml:224:13-44
	android:name
		ADDED from src\main\AndroidManifest.xml:223:13-42
activity#com.hst.Carlease.ui.BranchOfficeUI
ADDED from src\main\AndroidManifest.xml:228:9-231:20
	android:screenOrientation
		ADDED from src\main\AndroidManifest.xml:230:13-49
	android:name
		ADDED from src\main\AndroidManifest.xml:229:13-46
activity#com.hst.Carlease.ui.StoreUI
ADDED from src\main\AndroidManifest.xml:233:9-236:20
	android:screenOrientation
		ADDED from src\main\AndroidManifest.xml:235:13-49
	android:name
		ADDED from src\main\AndroidManifest.xml:234:13-39
activity#com.hst.Carlease.ui.WebViewUI
ADDED from src\main\AndroidManifest.xml:238:9-243:20
	android:screenOrientation
		ADDED from src\main\AndroidManifest.xml:241:13-49
	android:windowSoftInputMode
		ADDED from src\main\AndroidManifest.xml:242:13-72
	android:configChanges
		ADDED from src\main\AndroidManifest.xml:240:13-63
	android:name
		ADDED from src\main\AndroidManifest.xml:239:13-41
activity#com.hst.Carlease.ui.TmWebViewUI
ADDED from src\main\AndroidManifest.xml:245:9-250:20
	android:screenOrientation
		ADDED from src\main\AndroidManifest.xml:248:13-49
	android:windowSoftInputMode
		ADDED from src\main\AndroidManifest.xml:249:13-72
	android:configChanges
		ADDED from src\main\AndroidManifest.xml:247:13-63
	android:name
		ADDED from src\main\AndroidManifest.xml:246:13-43
activity#com.alipay.sdk.app.H5PayActivity
ADDED from src\main\AndroidManifest.xml:252:9-258:20
	android:screenOrientation
		ADDED from src\main\AndroidManifest.xml:256:13-47
	android:exported
		ADDED from src\main\AndroidManifest.xml:255:13-37
	android:windowSoftInputMode
		ADDED from src\main\AndroidManifest.xml:257:13-67
	android:configChanges
		ADDED from src\main\AndroidManifest.xml:254:13-74
	android:name
		ADDED from src\main\AndroidManifest.xml:253:13-60
activity#com.alipay.sdk.auth.AuthActivity
ADDED from src\main\AndroidManifest.xml:259:9-264:20
	android:screenOrientation
		ADDED from src\main\AndroidManifest.xml:263:13-47
	android:exported
		ADDED from src\main\AndroidManifest.xml:262:13-37
	android:configChanges
		ADDED from src\main\AndroidManifest.xml:261:13-74
	android:name
		ADDED from src\main\AndroidManifest.xml:260:13-60
activity#com.hst.Carlease.ui.GuideUI
ADDED from src\main\AndroidManifest.xml:267:9-272:20
	android:screenOrientation
		ADDED from src\main\AndroidManifest.xml:270:13-49
	android:windowSoftInputMode
		ADDED from src\main\AndroidManifest.xml:271:13-72
	android:configChanges
		ADDED from src\main\AndroidManifest.xml:269:13-63
	android:name
		ADDED from src\main\AndroidManifest.xml:268:13-39
activity#com.hst.Carlease.ui.FeeTypeUI
ADDED from src\main\AndroidManifest.xml:274:9-278:20
	android:screenOrientation
		ADDED from src\main\AndroidManifest.xml:277:13-49
	android:configChanges
		ADDED from src\main\AndroidManifest.xml:276:13-63
	android:name
		ADDED from src\main\AndroidManifest.xml:275:13-41
activity#com.hst.Carlease.ui.OnlineOrderUI
ADDED from src\main\AndroidManifest.xml:280:9-284:20
	android:screenOrientation
		ADDED from src\main\AndroidManifest.xml:283:13-49
	android:configChanges
		ADDED from src\main\AndroidManifest.xml:282:13-63
	android:name
		ADDED from src\main\AndroidManifest.xml:281:13-45
activity#com.hst.Carlease.ui.SecondCarDetailsUI
ADDED from src\main\AndroidManifest.xml:286:9-290:20
	android:screenOrientation
		ADDED from src\main\AndroidManifest.xml:289:13-49
	android:configChanges
		ADDED from src\main\AndroidManifest.xml:288:13-63
	android:name
		ADDED from src\main\AndroidManifest.xml:287:13-50
activity#com.hst.Carlease.ui.PayHeTongUI
ADDED from src\main\AndroidManifest.xml:292:9-296:20
	android:screenOrientation
		ADDED from src\main\AndroidManifest.xml:295:13-49
	android:configChanges
		ADDED from src\main\AndroidManifest.xml:294:13-63
	android:name
		ADDED from src\main\AndroidManifest.xml:293:13-43
activity#com.hst.Carlease.ui.thirdperiodui.ThirdMainActivity
ADDED from src\main\AndroidManifest.xml:298:9-302:20
	android:screenOrientation
		ADDED from src\main\AndroidManifest.xml:301:13-49
	android:configChanges
		ADDED from src\main\AndroidManifest.xml:300:13-63
	android:name
		ADDED from src\main\AndroidManifest.xml:299:13-63
activity#com.hst.Carlease.ui.thirdperiodui.OutStoragePictureActivity
ADDED from src\main\AndroidManifest.xml:304:9-308:20
	android:screenOrientation
		ADDED from src\main\AndroidManifest.xml:307:13-49
	android:configChanges
		ADDED from src\main\AndroidManifest.xml:306:13-63
	android:name
		ADDED from src\main\AndroidManifest.xml:305:13-71
activity#com.hst.Carlease.ui.FeedBacktUI
ADDED from src\main\AndroidManifest.xml:311:9-315:20
	android:screenOrientation
		ADDED from src\main\AndroidManifest.xml:314:13-49
	android:configChanges
		ADDED from src\main\AndroidManifest.xml:313:13-63
	android:name
		ADDED from src\main\AndroidManifest.xml:312:13-43
service#com.hst.Carlease.service.PushService
ADDED from src\main\AndroidManifest.xml:317:9-323:19
	android:process
		ADDED from src\main\AndroidManifest.xml:319:13-36
	android:name
		ADDED from src\main\AndroidManifest.xml:318:13-48
intent-filter#com.hst.huizuclientv1.service.PushService
ADDED from src\main\AndroidManifest.xml:320:13-322:29
	android:priority
		ADDED from src\main\AndroidManifest.xml:320:28-51
action#com.hst.huizuclientv1.service.PushService
ADDED from src\main\AndroidManifest.xml:321:17-83
	android:name
		ADDED from src\main\AndroidManifest.xml:321:25-81
service#com.amap.api.location.APSService
ADDED from src\main\AndroidManifest.xml:325:9-326:19
	android:name
		ADDED from src\main\AndroidManifest.xml:325:18-65
receiver#com.hst.Carlease.receiver.BootReceiver
ADDED from src\main\AndroidManifest.xml:328:9-334:20
	android:permission
		ADDED from src\main\AndroidManifest.xml:330:13-75
	android:name
		ADDED from src\main\AndroidManifest.xml:329:13-50
intent-filter#android.intent.action.BOOT_COMPLETED
ADDED from src\main\AndroidManifest.xml:331:13-333:29
action#android.intent.action.BOOT_COMPLETED
ADDED from src\main\AndroidManifest.xml:332:17-78
	android:name
		ADDED from src\main\AndroidManifest.xml:332:25-76
activity#com.megvii.zhimasdk.MGLivenessDetectActivity
ADDED from src\main\AndroidManifest.xml:351:9-80
	android:name
		ADDED from src\main\AndroidManifest.xml:351:19-78
activity#com.megvii.zhimasdk.MGLoadActivity
ADDED from src\main\AndroidManifest.xml:352:9-70
	android:name
		ADDED from src\main\AndroidManifest.xml:352:19-68
activity#com.megvii.zhimasdk.MGWebViewActivity
ADDED from src\main\AndroidManifest.xml:353:9-73
	android:name
		ADDED from src\main\AndroidManifest.xml:353:19-71
activity#com.hst.Carlease.wxapi.WXPayEntryActivity
ADDED from src\main\AndroidManifest.xml:356:9-359:45
	android:launchMode
		ADDED from src\main\AndroidManifest.xml:359:13-43
	android:exported
		ADDED from src\main\AndroidManifest.xml:358:13-36
	android:name
		ADDED from src\main\AndroidManifest.xml:357:13-53
receiver#net.sourceforge.simcpux.AppRegister
ADDED from src\main\AndroidManifest.xml:361:9-365:20
	android:name
		ADDED from src\main\AndroidManifest.xml:361:19-69
intent-filter#com.tencent.mm.plugin.openapi.Intent.ACTION_REFRESH_WXAPP
ADDED from src\main\AndroidManifest.xml:362:13-364:29
action#com.tencent.mm.plugin.openapi.Intent.ACTION_REFRESH_WXAPP
ADDED from src\main\AndroidManifest.xml:363:17-99
	android:name
		ADDED from src\main\AndroidManifest.xml:363:25-97
activity#com.hst.Carlease.ui.thirdperiodui.CarListWebViewActivity
ADDED from src\main\AndroidManifest.xml:367:9-374:20
	android:name
		ADDED from src\main\AndroidManifest.xml:367:19-74
uses-permission#android.permission.RECORD_AUDIO
ADDED from [Carlease:album:unspecified] AndroidManifest.xml:27:5-71
	android:name
		ADDED from [Carlease:album:unspecified] AndroidManifest.xml:27:22-68
activity#com.yanzhenjie.album.ui.AlbumActivity
ADDED from [Carlease:album:unspecified] AndroidManifest.xml:30:9-34:75
	android:windowSoftInputMode
		ADDED from [Carlease:album:unspecified] AndroidManifest.xml:34:13-72
	android:configChanges
		ADDED from [Carlease:album:unspecified] AndroidManifest.xml:32:13-74
	android:theme
		ADDED from [Carlease:album:unspecified] AndroidManifest.xml:33:13-56
	android:name
		ADDED from [Carlease:album:unspecified] AndroidManifest.xml:31:13-65
activity#com.yanzhenjie.album.ui.GalleryActivity
ADDED from [Carlease:album:unspecified] AndroidManifest.xml:35:9-39:75
	android:windowSoftInputMode
		ADDED from [Carlease:album:unspecified] AndroidManifest.xml:39:13-72
	android:configChanges
		ADDED from [Carlease:album:unspecified] AndroidManifest.xml:37:13-74
	android:theme
		ADDED from [Carlease:album:unspecified] AndroidManifest.xml:38:13-56
	android:name
		ADDED from [Carlease:album:unspecified] AndroidManifest.xml:36:13-67
activity#com.yanzhenjie.album.ui.GalleryAlbumActivity
ADDED from [Carlease:album:unspecified] AndroidManifest.xml:40:9-44:75
	android:windowSoftInputMode
		ADDED from [Carlease:album:unspecified] AndroidManifest.xml:44:13-72
	android:configChanges
		ADDED from [Carlease:album:unspecified] AndroidManifest.xml:42:13-74
	android:theme
		ADDED from [Carlease:album:unspecified] AndroidManifest.xml:43:13-56
	android:name
		ADDED from [Carlease:album:unspecified] AndroidManifest.xml:41:13-72
activity#com.yanzhenjie.album.ui.CameraActivity
ADDED from [Carlease:album:unspecified] AndroidManifest.xml:45:9-49:75
	android:windowSoftInputMode
		ADDED from [Carlease:album:unspecified] AndroidManifest.xml:49:13-72
	android:configChanges
		ADDED from [Carlease:album:unspecified] AndroidManifest.xml:47:13-74
	android:theme
		ADDED from [Carlease:album:unspecified] AndroidManifest.xml:48:13-61
	android:name
		ADDED from [Carlease:album:unspecified] AndroidManifest.xml:46:13-66
provider#com.yanzhenjie.album.provider.CameraFileProvider
ADDED from [Carlease:album:unspecified] AndroidManifest.xml:51:9-60:20
	android:authorities
		ADDED from [Carlease:album:unspecified] AndroidManifest.xml:53:13-73
	android:grantUriPermissions
		ADDED from [Carlease:album:unspecified] AndroidManifest.xml:55:13-47
	android:multiprocess
		ADDED from [Carlease:album:unspecified] AndroidManifest.xml:56:13-40
	android:exported
		ADDED from [Carlease:album:unspecified] AndroidManifest.xml:54:13-37
	android:name
		ADDED from [Carlease:album:unspecified] AndroidManifest.xml:52:13-76
meta-data#android.support.FILE_PROVIDER_PATHS
ADDED from [Carlease:album:unspecified] AndroidManifest.xml:57:13-59:65
	android:resource
		ADDED from [Carlease:album:unspecified] AndroidManifest.xml:59:17-62
	android:name
		ADDED from [Carlease:album:unspecified] AndroidManifest.xml:58:17-67
meta-data#android.support.VERSION
ADDED from [com.android.support:design:25.3.1] AndroidManifest.xml:25:5-27:34
MERGED from [com.android.support:appcompat-v7:25.3.1] AndroidManifest.xml:25:5-27:34
MERGED from [com.android.support:animated-vector-drawable:25.3.1] AndroidManifest.xml:22:5-24:34
MERGED from [com.android.support:support-vector-drawable:25.3.1] AndroidManifest.xml:22:5-24:34
MERGED from [com.android.support:transition:25.3.1] AndroidManifest.xml:22:5-24:34
MERGED from [com.android.support:support-v4:25.3.1] AndroidManifest.xml:25:5-27:34
MERGED from [com.android.support:support-fragment:25.3.1] AndroidManifest.xml:25:5-27:34
MERGED from [com.android.support:support-media-compat:25.3.1] AndroidManifest.xml:25:5-27:34
MERGED from [com.android.support:support-core-utils:25.3.1] AndroidManifest.xml:25:5-27:34
MERGED from [com.android.support:recyclerview-v7:25.3.1] AndroidManifest.xml:22:5-24:34
MERGED from [com.android.support:support-core-ui:25.3.1] AndroidManifest.xml:25:5-27:34
MERGED from [com.android.support:support-compat:25.3.1] AndroidManifest.xml:25:5-27:34
MERGED from [com.android.support:cardview-v7:25.3.1] AndroidManifest.xml:22:5-24:34
	android:value
		ADDED from [com.android.support:design:25.3.1] AndroidManifest.xml:27:9-31
	android:name
		ADDED from [com.android.support:design:25.3.1] AndroidManifest.xml:26:9-47